<?xml version="1.0" encoding="UTF-8"?>
<!-- Generated by org.testng.reporters.JUnitReportReporter -->
<testsuite hostname="LAPTOP-94T71VHN" failures="0" tests="1" name="Module1_LoginTest.TC1_SwagLabLoginTest" time="6.431" errors="0" timestamp="2024-01-22T11:28:51 IST" skipped="0">
  <testcase classname="Module1_LoginTest.TC1_SwagLabLoginTest" name="verifyTitle" time="6.431"/>
</testsuite> <!-- Module1_LoginTest.TC1_SwagLabLoginTest -->
